2017-10-08 06:51:32, DEBUG, Loading the DPA4PMA.dll file using the CAN protocol for device 1
2017-10-08 06:51:32, DEBUG, function 'RP1210_GetHardwareStatusEx' not found
2017-10-08 06:51:32, DEBUG, Connecting to ClientConnect using b'CAN:Baud=Auto'
2017-10-08 06:51:33, DEBUG, The Client ID is: 1
2017-10-08 06:51:33, DEBUG, RP1210_Set_All_Filters_States_to_Pass - SUCCESS
2017-10-08 06:51:33, DEBUG, Read Message Client ID: 1
2017-10-08 06:51:33, DEBUG, Started RP1210ReadMessage Thread.
2017-10-08 06:51:52, DEBUG, RP1210_ClientDisconnect returns 129: ERR INVALID CLIENT ID
2017-10-08 06:51:52, DEBUG, RP1210_ClientDisconnect returns 129: ERR INVALID CLIENT ID
2017-10-08 06:51:52, DEBUG, RP1210_ClientDisconnect returns 129: ERR INVALID CLIENT ID
2017-10-08 06:51:52, DEBUG, RP1210_ClientDisconnect returns 129: ERR INVALID CLIENT ID
2017-10-08 06:51:52, DEBUG, RP1210_ClientDisconnect returns 129: ERR INVALID CLIENT ID
2017-10-08 06:51:52, DEBUG, RP1210_ClientDisconnect returns 129: ERR INVALID CLIENT ID
2017-10-08 06:51:52, DEBUG, RP1210_ClientDisconnect returns 129: ERR INVALID CLIENT ID
2017-10-08 06:51:52, DEBUG, RP1210_ClientDisconnect returns 129: ERR INVALID CLIENT ID
2017-10-08 06:51:52, DEBUG, RP1210_ClientDisconnect returns 129: ERR INVALID CLIENT ID
2017-10-08 06:51:52, DEBUG, RP1210_ClientDisconnect returns 129: ERR INVALID CLIENT ID
2017-10-08 06:51:52, DEBUG, RP1210_ClientDisconnect returns 129: ERR INVALID CLIENT ID
2017-10-08 06:51:52, DEBUG, RP1210_ClientDisconnect returns 129: ERR INVALID CLIENT ID
2017-10-08 06:51:52, DEBUG, RP1210_ClientDisconnect returns 129: ERR INVALID CLIENT ID
2017-10-08 06:51:52, DEBUG, RP1210_ClientDisconnect returns 129: ERR INVALID CLIENT ID
2017-10-08 06:51:52, DEBUG, RP1210_ClientDisconnect returns 129: ERR INVALID CLIENT ID
2017-10-08 06:51:54, DEBUG, Exiting. RP1210_ClientDisconnect returns 0: NO ERRORS
2017-10-08 06:51:54, DEBUG, Current RP1210 APIs installed are: CA2RP32, CA3rp32, CAIPRP32, CCARP32, CIL7R32, CMNSIM32, CMNSIP32, DD121032, DGDPA5MA, DM121032, DPA4PMA, IC121032, RFSRP32, UDIF32
2017-10-08 06:51:54, DEBUG, Source contains parsing errors: 'c:/Windows/CMNSIM32.ini'
	[line 197]: '0,All\n'
	[line 205]: '0,All\n'
2017-10-08 06:51:54, DEBUG, CAN
2017-10-08 06:51:54, DEBUG, 125,250,500,1000,Auto
2017-10-08 06:52:56, DEBUG, An RP1210 device is not connected properly.
2017-10-08 06:52:57, DEBUG, nClientID is None
2017-10-08 06:52:57, DEBUG, Exiting
