2017-10-08 06:46:24,884, DEBUG, Loading the DPA4PMA.dll file using the CAN protocol for device 1
2017-10-08 06:46:24,903, DEBUG, function 'RP1210_GetHardwareStatusEx' not found
2017-10-08 06:46:24,904, DEBUG, Connecting to ClientConnect using b'CAN:Baud=Auto'
2017-10-08 06:46:26,481, DEBUG, The Client ID is: 1
2017-10-08 06:46:26,501, DEBUG, RP1210_Set_All_Filters_States_to_Pass - SUCCESS
2017-10-08 06:46:26,502, DEBUG, Read Message Client ID: 1
2017-10-08 06:46:26,502, DEBUG, Started RP1210ReadMessage Thread.
2017-10-08 06:47:25,367, DEBUG, RP1210_ClientDisconnect returns 129: ERR INVALID CLIENT ID
2017-10-08 06:47:25,377, DEBUG, RP1210_ClientDisconnect returns 129: ERR INVALID CLIENT ID
2017-10-08 06:47:25,377, DEBUG, RP1210_ClientDisconnect returns 129: ERR INVALID CLIENT ID
2017-10-08 06:47:25,377, DEBUG, RP1210_ClientDisconnect returns 129: ERR INVALID CLIENT ID
2017-10-08 06:47:25,378, DEBUG, RP1210_ClientDisconnect returns 129: ERR INVALID CLIENT ID
2017-10-08 06:47:25,378, DEBUG, RP1210_ClientDisconnect returns 129: ERR INVALID CLIENT ID
2017-10-08 06:47:25,378, DEBUG, RP1210_ClientDisconnect returns 129: ERR INVALID CLIENT ID
2017-10-08 06:47:25,379, DEBUG, RP1210_ClientDisconnect returns 129: ERR INVALID CLIENT ID
2017-10-08 06:47:25,379, DEBUG, RP1210_ClientDisconnect returns 129: ERR INVALID CLIENT ID
2017-10-08 06:47:25,379, DEBUG, RP1210_ClientDisconnect returns 129: ERR INVALID CLIENT ID
2017-10-08 06:47:25,379, DEBUG, RP1210_ClientDisconnect returns 129: ERR INVALID CLIENT ID
2017-10-08 06:47:25,379, DEBUG, RP1210_ClientDisconnect returns 129: ERR INVALID CLIENT ID
2017-10-08 06:47:25,379, DEBUG, RP1210_ClientDisconnect returns 129: ERR INVALID CLIENT ID
2017-10-08 06:47:25,380, DEBUG, RP1210_ClientDisconnect returns 129: ERR INVALID CLIENT ID
2017-10-08 06:47:25,380, DEBUG, RP1210_ClientDisconnect returns 129: ERR INVALID CLIENT ID
2017-10-08 06:47:27,824, DEBUG, Exiting. RP1210_ClientDisconnect returns 0: NO ERRORS
2017-10-08 06:47:27,829, DEBUG, Current RP1210 APIs installed are: CA2RP32, CA3rp32, CAIPRP32, CCARP32, CIL7R32, CMNSIM32, CMNSIP32, DD121032, DGDPA5MA, DM121032, DPA4PMA, IC121032, RFSRP32, UDIF32
2017-10-08 06:47:27,862, DEBUG, Source contains parsing errors: 'c:/Windows/CMNSIM32.ini'
	[line 197]: '0,All\n'
	[line 205]: '0,All\n'
2017-10-08 06:47:27,894, DEBUG, CAN
2017-10-08 06:47:27,894, DEBUG, 125,250,500,1000,Auto
2017-10-08 06:50:23,324, DEBUG, An RP1210 device is not connected properly.
